<?xml version="1.0" encoding="UTF-8"?>
<!-- Generated by org.testng.reporters.JUnitReportReporter -->
<testsuite hostname="DESKTOP-7B89BNQ" failures="0" tests="1" name="test.TC01_getListOfTypesOfAParticularProduct" time="58.909" errors="0" timestamp="2021-09-27T12:13:52 SGT" skipped="0">
  <testcase classname="test.TC01_getListOfTypesOfAParticularProduct" name="getList" time="58.909"/>
  <system-out/>
</testsuite> <!-- test.TC01_getListOfTypesOfAParticularProduct -->
